{
  "RSpec": {
    "coverage": {
      "/Users/nickdyer/projects/webbattleships/lib/board.rb": [
        1,
        1,
        null,
        1,
        13,
        13,
        1430,
        null,
        null,
        null,
        1,
        5,
        10,
        5,
        null,
        null,
        1,
        2,
        null,
        null,
        1,
        2,
        1,
        null,
        null,
        1,
        202,
        null,
        null,
        1,
        1,
        null,
        null,
        1,
        null,
        1,
        5,
        null,
        null,
        1,
        0,
        null,
        null,
        1,
        207,
        null,
        null,
        1,
        5,
        null,
        null,
        1,
        11,
        null,
        null,
        1,
        5,
        4,
        null,
        null,
        1,
        5,
        9,
        null,
        null,
        null,
        null
      ],
      "/Users/nickdyer/projects/webbattleships/lib/cell.rb": [
        1,
        1,
        1,
        3,
        3,
        null,
        null,
        1,
        2,
        null,
        null,
        1,
        1,
        null,
        null
      ],
      "/Users/nickdyer/projects/webbattleships/lib/game.rb": [
        1,
        1,
        1,
        null,
        1,
        18,
        null,
        null,
        1,
        0,
        null,
        null,
        1,
        33,
        null,
        null,
        1,
        10,
        null,
        null,
        1,
        4,
        4,
        3,
        null,
        null,
        1,
        5,
        null,
        null,
        1,
        6,
        null,
        null,
        1,
        18,
        null,
        null,
        1,
        null,
        1,
        null,
        1,
        6,
        null,
        null,
        1,
        6,
        null,
        null,
        1,
        3,
        null,
        null,
        1,
        41,
        null,
        null
      ],
      "/Users/nickdyer/projects/webbattleships/lib/player.rb": [
        1,
        1,
        null,
        1,
        1,
        null,
        null,
        1,
        1,
        null,
        null
      ],
      "/Users/nickdyer/projects/webbattleships/lib/ship.rb": [
        1,
        1,
        1,
        null,
        1,
        10,
        null,
        null,
        1,
        3,
        3,
        null,
        null,
        1,
        3,
        null,
        null,
        1,
        2,
        null,
        null,
        1,
        1,
        null,
        null,
        1,
        1,
        null,
        null,
        1,
        1,
        null,
        null,
        1,
        1,
        null,
        null,
        1,
        1,
        null,
        null,
        null
      ],
      "/Users/nickdyer/projects/webbattleships/lib/water.rb": [
        1,
        1,
        1,
        null,
        null,
        1,
        1,
        null,
        null
      ]
    },
    "timestamp": 1422951774
  }
}
